<?xml version="1.0" encoding="UTF-8"?>
<!-- Generated by org.testng.reporters.JUnitXMLReporter -->
<testsuite hostname="HFLT0001452" ignored="18" name="CAS Regression Test Cases" tests="10" failures="9" timestamp="24 Jul 2017 12:47:35 GMT" time="230.097" errors="0">
  <testcase name="Sourcing_CAS" time="166.57" classname="UAT_CAS_Other_than__LPL.sourcing"/>
  <testcase name="CibilDetails" time="61.826" classname="UAT_CAS_Other_than__LPL.Cibil_Referral">
    <failure type="org.openqa.selenium.NoSuchElementException" message="Unable to find element with id == txtApplication (WARNING: The server did not provide any stacktrace information)
Command duration or timeout: 60.20 seconds
For documentation on this error, please visit: http://seleniumhq.org/exceptions/no_such_element.html
Build info: version: &amp;apos;3.4.0&amp;apos;, revision: &amp;apos;unknown&amp;apos;, time: &amp;apos;unknown&amp;apos;
System info: host: &amp;apos;HFLT0001452&amp;apos;, ip: &amp;apos;10.1.1.152&amp;apos;, os.name: &amp;apos;Windows 7&amp;apos;, os.arch: &amp;apos;amd64&amp;apos;, os.version: &amp;apos;6.1&amp;apos;, java.version: &amp;apos;1.8.0_131&amp;apos;
Driver info: org.openqa.selenium.ie.InternetExplorerDriver
Capabilities [{se:ieOptions={browserAttachTimeout=0.0, ie.enableFullPageScreenshot=true, enablePersistentHover=true, ie.forceCreateProcessApi=false, ie.forceShellWindowsApi=false, ignoreZoomSetting=false, ie.fileUploadDialogTimeout=3000.0, ie.useLegacyFileUploadDialogHandling=false, nativeEvents=true, ie.ensureCleanSession=false, elementScrollBehavior=0.0, ie.browserCommandLineSwitches=, requireWindowFocus=false, initialBrowserUrl=http://localhost:31219/, ignoreProtectedModeSettings=false, enableElementCacheCleanup=true}, browserName=internet explorer, pageLoadStrategy=normal, javascriptEnabled=true, version=9, platform=WINDOWS, unexpectedAlertBehaviour=dismiss}]
Session ID: 6bccbf50-d4c4-4e5e-bd85-bfe98cafa4c2
*** Element info: {Using=id, value=txtApplication}">
      <![CDATA[org.openqa.selenium.NoSuchElementException: Unable to find element with id == txtApplication (WARNING: The server did not provide any stacktrace information)
Command duration or timeout: 60.20 seconds
For documentation on this error, please visit: http://seleniumhq.org/exceptions/no_such_element.html
Build info: version: '3.4.0', revision: 'unknown', time: 'unknown'
System info: host: 'HFLT0001452', ip: '10.1.1.152', os.name: 'Windows 7', os.arch: 'amd64', os.version: '6.1', java.version: '1.8.0_131'
Driver info: org.openqa.selenium.ie.InternetExplorerDriver
Capabilities [{se:ieOptions={browserAttachTimeout=0.0, ie.enableFullPageScreenshot=true, enablePersistentHover=true, ie.forceCreateProcessApi=false, ie.forceShellWindowsApi=false, ignoreZoomSetting=false, ie.fileUploadDialogTimeout=3000.0, ie.useLegacyFileUploadDialogHandling=false, nativeEvents=true, ie.ensureCleanSession=false, elementScrollBehavior=0.0, ie.browserCommandLineSwitches=, requireWindowFocus=false, initialBrowserUrl=http://localhost:31219/, ignoreProtectedModeSettings=false, enableElementCacheCleanup=true}, browserName=internet explorer, pageLoadStrategy=normal, javascriptEnabled=true, version=9, platform=WINDOWS, unexpectedAlertBehaviour=dismiss}]
Session ID: 6bccbf50-d4c4-4e5e-bd85-bfe98cafa4c2
*** Element info: {Using=id, value=txtApplication}
	at org.openqa.selenium.remote.ErrorHandler.createThrowable(ErrorHandler.java:215)
	at org.openqa.selenium.remote.ErrorHandler.throwIfResponseFailed(ErrorHandler.java:167)
	at org.openqa.selenium.remote.RemoteWebDriver.execute(RemoteWebDriver.java:671)
	at org.openqa.selenium.remote.RemoteWebDriver.findElement(RemoteWebDriver.java:410)
	at org.openqa.selenium.remote.RemoteWebDriver.findElementById(RemoteWebDriver.java:453)
	at org.openqa.selenium.By$ById.findElement(By.java:218)
	at org.openqa.selenium.remote.RemoteWebDriver.findElement(RemoteWebDriver.java:402)
	at UAT_CAS_Other_than__LPL.Cibil_Referral.CibilDetails(Cibil_Referral.java:93)
... Removed 29 stack frames]]>
    </failure>
  </testcase> <!-- CibilDetails -->
  <testcase name="DDEQC_CAS" time="0.063" classname="UAT_CAS_Other_than__LPL.DDEQC">
    <failure type="java.lang.IndexOutOfBoundsException" message="Index: 0, Size: 0">
      <![CDATA[java.lang.IndexOutOfBoundsException: Index: 0, Size: 0
	at java.util.ArrayList.rangeCheck(ArrayList.java:653)
	at java.util.ArrayList.get(ArrayList.java:429)
	at UAT_CAS_Other_than__LPL.DDEQC.DDEQC_CAS(DDEQC.java:54)
... Removed 25 stack frames]]>
    </failure>
  </testcase> <!-- DDEQC_CAS -->
  <testcase name="FIinitiation" time="0.073" classname="UAT_CAS_Other_than__LPL.FI_Initiation_four_checklist">
    <failure type="java.lang.IndexOutOfBoundsException" message="Index: 0, Size: 0">
      <![CDATA[java.lang.IndexOutOfBoundsException: Index: 0, Size: 0
	at java.util.ArrayList.rangeCheck(ArrayList.java:653)
	at java.util.ArrayList.get(ArrayList.java:429)
	at UAT_CAS_Other_than__LPL.FI_Initiation_four_checklist.FIinitiation(FI_Initiation_four_checklist.java:52)
... Removed 25 stack frames]]>
    </failure>
  </testcase> <!-- FIinitiation -->
  <testcase name="FI_Verification" time="0.096" classname="UAT_CAS_Other_than__LPL.FI_Verification_four_checklist">
    <failure type="java.lang.IndexOutOfBoundsException" message="Index: 0, Size: 0">
      <![CDATA[java.lang.IndexOutOfBoundsException: Index: 0, Size: 0
	at java.util.ArrayList.rangeCheck(ArrayList.java:653)
	at java.util.ArrayList.get(ArrayList.java:429)
	at UAT_CAS_Other_than__LPL.FI_Verification_four_checklist.FI_Verification(FI_Verification_four_checklist.java:54)
... Removed 25 stack frames]]>
    </failure>
  </testcase> <!-- FI_Verification -->
  <testcase name="FI_Verification" time="0.071" classname="UAT_CAS_Other_than__LPL.FI_Completion">
    <failure type="java.lang.IndexOutOfBoundsException" message="Index: 0, Size: 0">
      <![CDATA[java.lang.IndexOutOfBoundsException: Index: 0, Size: 0
	at java.util.ArrayList.rangeCheck(ArrayList.java:653)
	at java.util.ArrayList.get(ArrayList.java:429)
	at UAT_CAS_Other_than__LPL.FI_Completion.FI_Verification(FI_Completion.java:52)
... Removed 25 stack frames]]>
    </failure>
  </testcase> <!-- FI_Verification -->
  <testcase name="Underwriting_CAS" time="0.079" classname="UAT_CAS_Other_than__LPL.Underwriting">
    <failure type="java.lang.IndexOutOfBoundsException" message="Index: 0, Size: 0">
      <![CDATA[java.lang.IndexOutOfBoundsException: Index: 0, Size: 0
	at java.util.ArrayList.rangeCheck(ArrayList.java:653)
	at java.util.ArrayList.get(ArrayList.java:429)
	at UAT_CAS_Other_than__LPL.Underwriting.Underwriting_CAS(Underwriting.java:53)
... Removed 25 stack frames]]>
    </failure>
  </testcase> <!-- Underwriting_CAS -->
  <testcase name="PDOCDetails" time="0.079" classname="UAT_CAS_Other_than__LPL.PDOC">
    <failure type="java.lang.IndexOutOfBoundsException" message="Index: 0, Size: 0">
      <![CDATA[java.lang.IndexOutOfBoundsException: Index: 0, Size: 0
	at java.util.ArrayList.rangeCheck(ArrayList.java:653)
	at java.util.ArrayList.get(ArrayList.java:429)
	at UAT_CAS_Other_than__LPL.PDOC.PDOCDetails(PDOC.java:54)
... Removed 25 stack frames]]>
    </failure>
  </testcase> <!-- PDOCDetails -->
  <testcase name="Disbursal_detail" time="0.063" classname="UAT_CAS_Other_than__LPL.Disbursal_details">
    <failure type="java.lang.IndexOutOfBoundsException" message="Index: 0, Size: 0">
      <![CDATA[java.lang.IndexOutOfBoundsException: Index: 0, Size: 0
	at java.util.ArrayList.rangeCheck(ArrayList.java:653)
	at java.util.ArrayList.get(ArrayList.java:429)
	at UAT_CAS_Other_than__LPL.Disbursal_details.Disbursal_detail(Disbursal_details.java:52)
... Removed 25 stack frames]]>
    </failure>
  </testcase> <!-- Disbursal_detail -->
  <testcase name="Disbursal" time="0.059" classname="UAT_CAS_Other_than__LPL.Disbursal_Initiation">
    <failure type="java.lang.IndexOutOfBoundsException" message="Index: 0, Size: 0">
      <![CDATA[java.lang.IndexOutOfBoundsException: Index: 0, Size: 0
	at java.util.ArrayList.rangeCheck(ArrayList.java:653)
	at java.util.ArrayList.get(ArrayList.java:429)
	at UAT_CAS_Other_than__LPL.Disbursal_Initiation.Disbursal(Disbursal_Initiation.java:56)
... Removed 25 stack frames]]>
    </failure>
  </testcase> <!-- Disbursal -->
  <testcase name="@AfterSuite Application_logout" time="0.0" classname="utility.BrowserSetup">
    <ignored/>
  </testcase> <!-- @AfterSuite Application_logout -->
  <testcase name="@AfterSuite Application_logout" time="0.0" classname="utility.BrowserSetup">
    <ignored/>
  </testcase> <!-- @AfterSuite Application_logout -->
  <testcase name="@AfterSuite Application_logout" time="0.0" classname="utility.BrowserSetup">
    <ignored/>
  </testcase> <!-- @AfterSuite Application_logout -->
  <testcase name="@AfterSuite Application_logout" time="0.0" classname="utility.BrowserSetup">
    <ignored/>
  </testcase> <!-- @AfterSuite Application_logout -->
  <testcase name="@AfterSuite Application_logout" time="0.0" classname="utility.BrowserSetup">
    <ignored/>
  </testcase> <!-- @AfterSuite Application_logout -->
  <testcase name="@AfterSuite Application_logout" time="0.0" classname="utility.BrowserSetup">
    <ignored/>
  </testcase> <!-- @AfterSuite Application_logout -->
  <testcase name="@AfterSuite Application_logout" time="0.0" classname="utility.BrowserSetup">
    <ignored/>
  </testcase> <!-- @AfterSuite Application_logout -->
  <testcase name="@AfterSuite Application_logout" time="0.0" classname="utility.BrowserSetup">
    <ignored/>
  </testcase> <!-- @AfterSuite Application_logout -->
  <testcase name="@AfterSuite Application_logout" time="0.0" classname="utility.BrowserSetup">
    <ignored/>
  </testcase> <!-- @AfterSuite Application_logout -->
  <testcase name="@BeforeSuite setupapplication" time="0.0" classname="utility.BrowserSetup">
    <ignored/>
  </testcase> <!-- @BeforeSuite setupapplication -->
  <testcase name="@BeforeSuite setupapplication" time="0.0" classname="utility.BrowserSetup">
    <ignored/>
  </testcase> <!-- @BeforeSuite setupapplication -->
  <testcase name="@BeforeSuite setupapplication" time="0.0" classname="utility.BrowserSetup">
    <ignored/>
  </testcase> <!-- @BeforeSuite setupapplication -->
  <testcase name="@BeforeSuite setupapplication" time="0.0" classname="utility.BrowserSetup">
    <ignored/>
  </testcase> <!-- @BeforeSuite setupapplication -->
  <testcase name="@BeforeSuite setupapplication" time="0.0" classname="utility.BrowserSetup">
    <ignored/>
  </testcase> <!-- @BeforeSuite setupapplication -->
  <testcase name="@BeforeSuite setupapplication" time="0.0" classname="utility.BrowserSetup">
    <ignored/>
  </testcase> <!-- @BeforeSuite setupapplication -->
  <testcase name="@BeforeSuite setupapplication" time="0.0" classname="utility.BrowserSetup">
    <ignored/>
  </testcase> <!-- @BeforeSuite setupapplication -->
  <testcase name="@BeforeSuite setupapplication" time="0.0" classname="utility.BrowserSetup">
    <ignored/>
  </testcase> <!-- @BeforeSuite setupapplication -->
  <testcase name="@BeforeSuite setupapplication" time="0.0" classname="utility.BrowserSetup">
    <ignored/>
  </testcase> <!-- @BeforeSuite setupapplication -->
</testsuite> <!-- CAS Regression Test Cases -->
