<?xml version="1.0" encoding="UTF-8"?>
<!-- Generated by org.testng.reporters.JUnitXMLReporter -->
<testsuite hostname="HFLT0001452" ignored="14" name="Test" tests="8" failures="6" timestamp="13 Jul 2017 05:27:32 GMT" time="713.997" errors="0">
  <testcase name="Sourcing" time="215.408" classname="Test_Finnone.sourcing_finnone"/>
  <testcase name="DDE" time="314.042" classname="Test_Finnone.DDE_finnone"/>
  <testcase name="Dedupe_referral" time="31.216" classname="Test_Finnone.Dedupe_Referral_Finnone">
    <failure type="org.openqa.selenium.InvalidElementStateException" message="Element is not enabled (WARNING: The server did not provide any stacktrace information)
Command duration or timeout: 251 milliseconds
Build info: version: &amp;apos;3.4.0&amp;apos;, revision: &amp;apos;unknown&amp;apos;, time: &amp;apos;unknown&amp;apos;
System info: host: &amp;apos;HFLT0001452&amp;apos;, ip: &amp;apos;10.1.1.152&amp;apos;, os.name: &amp;apos;Windows 7&amp;apos;, os.arch: &amp;apos;amd64&amp;apos;, os.version: &amp;apos;6.1&amp;apos;, java.version: &amp;apos;1.8.0_131&amp;apos;
Driver info: org.openqa.selenium.ie.InternetExplorerDriver
Capabilities [{se:ieOptions={browserAttachTimeout=0.0, ie.enableFullPageScreenshot=true, enablePersistentHover=true, ie.forceCreateProcessApi=false, ie.forceShellWindowsApi=false, ignoreZoomSetting=false, ie.fileUploadDialogTimeout=3000.0, ie.useLegacyFileUploadDialogHandling=false, nativeEvents=true, ie.ensureCleanSession=false, elementScrollBehavior=0.0, ie.browserCommandLineSwitches=, requireWindowFocus=false, initialBrowserUrl=http://localhost:33184/, ignoreProtectedModeSettings=false, enableElementCacheCleanup=true}, browserName=internet explorer, pageLoadStrategy=normal, javascriptEnabled=true, version=9, platform=WINDOWS, unexpectedAlertBehaviour=dismiss}]
Session ID: c9da9b56-9f3a-4a8e-befa-a9bf647bcdce">
      <![CDATA[org.openqa.selenium.InvalidElementStateException: Element is not enabled (WARNING: The server did not provide any stacktrace information)
Command duration or timeout: 251 milliseconds
Build info: version: '3.4.0', revision: 'unknown', time: 'unknown'
System info: host: 'HFLT0001452', ip: '10.1.1.152', os.name: 'Windows 7', os.arch: 'amd64', os.version: '6.1', java.version: '1.8.0_131'
Driver info: org.openqa.selenium.ie.InternetExplorerDriver
Capabilities [{se:ieOptions={browserAttachTimeout=0.0, ie.enableFullPageScreenshot=true, enablePersistentHover=true, ie.forceCreateProcessApi=false, ie.forceShellWindowsApi=false, ignoreZoomSetting=false, ie.fileUploadDialogTimeout=3000.0, ie.useLegacyFileUploadDialogHandling=false, nativeEvents=true, ie.ensureCleanSession=false, elementScrollBehavior=0.0, ie.browserCommandLineSwitches=, requireWindowFocus=false, initialBrowserUrl=http://localhost:33184/, ignoreProtectedModeSettings=false, enableElementCacheCleanup=true}, browserName=internet explorer, pageLoadStrategy=normal, javascriptEnabled=true, version=9, platform=WINDOWS, unexpectedAlertBehaviour=dismiss}]
Session ID: c9da9b56-9f3a-4a8e-befa-a9bf647bcdce
	at org.openqa.selenium.remote.ErrorHandler.createThrowable(ErrorHandler.java:215)
	at org.openqa.selenium.remote.ErrorHandler.throwIfResponseFailed(ErrorHandler.java:167)
	at org.openqa.selenium.remote.RemoteWebDriver.execute(RemoteWebDriver.java:671)
	at org.openqa.selenium.remote.RemoteWebElement.execute(RemoteWebElement.java:272)
	at org.openqa.selenium.remote.RemoteWebElement.sendKeys(RemoteWebElement.java:96)
	at Test_Finnone.Dedupe_Referral_Finnone.Dedupe_referral(Dedupe_Referral_Finnone.java:183)
... Removed 29 stack frames]]>
    </failure>
  </testcase> <!-- Dedupe_referral -->
  <testcase name="DDEQC" time="72.519" classname="Test_Finnone.DDEQC_finnone">
    <failure type="org.openqa.selenium.NoSuchElementException" message="Unable to find element with xpath == //table[@class=&amp;apos;TABLEATTRIBUTES&amp;apos;]/tbody/tr[2]/td[1]/a (WARNING: The server did not provide any stacktrace information)
Command duration or timeout: 60.12 seconds
For documentation on this error, please visit: http://seleniumhq.org/exceptions/no_such_element.html
Build info: version: &amp;apos;3.4.0&amp;apos;, revision: &amp;apos;unknown&amp;apos;, time: &amp;apos;unknown&amp;apos;
System info: host: &amp;apos;HFLT0001452&amp;apos;, ip: &amp;apos;10.1.1.152&amp;apos;, os.name: &amp;apos;Windows 7&amp;apos;, os.arch: &amp;apos;amd64&amp;apos;, os.version: &amp;apos;6.1&amp;apos;, java.version: &amp;apos;1.8.0_131&amp;apos;
Driver info: org.openqa.selenium.ie.InternetExplorerDriver
Capabilities [{se:ieOptions={browserAttachTimeout=0.0, ie.enableFullPageScreenshot=true, enablePersistentHover=true, ie.forceCreateProcessApi=false, ie.forceShellWindowsApi=false, ignoreZoomSetting=false, ie.fileUploadDialogTimeout=3000.0, ie.useLegacyFileUploadDialogHandling=false, nativeEvents=true, ie.ensureCleanSession=false, elementScrollBehavior=0.0, ie.browserCommandLineSwitches=, requireWindowFocus=false, initialBrowserUrl=http://localhost:33184/, ignoreProtectedModeSettings=false, enableElementCacheCleanup=true}, browserName=internet explorer, pageLoadStrategy=normal, javascriptEnabled=true, version=9, platform=WINDOWS, unexpectedAlertBehaviour=dismiss}]
Session ID: c9da9b56-9f3a-4a8e-befa-a9bf647bcdce
*** Element info: {Using=xpath, value=//table[@class=&amp;apos;TABLEATTRIBUTES&amp;apos;]/tbody/tr[2]/td[1]/a}">
      <![CDATA[org.openqa.selenium.NoSuchElementException: Unable to find element with xpath == //table[@class='TABLEATTRIBUTES']/tbody/tr[2]/td[1]/a (WARNING: The server did not provide any stacktrace information)
Command duration or timeout: 60.12 seconds
For documentation on this error, please visit: http://seleniumhq.org/exceptions/no_such_element.html
Build info: version: '3.4.0', revision: 'unknown', time: 'unknown'
System info: host: 'HFLT0001452', ip: '10.1.1.152', os.name: 'Windows 7', os.arch: 'amd64', os.version: '6.1', java.version: '1.8.0_131'
Driver info: org.openqa.selenium.ie.InternetExplorerDriver
Capabilities [{se:ieOptions={browserAttachTimeout=0.0, ie.enableFullPageScreenshot=true, enablePersistentHover=true, ie.forceCreateProcessApi=false, ie.forceShellWindowsApi=false, ignoreZoomSetting=false, ie.fileUploadDialogTimeout=3000.0, ie.useLegacyFileUploadDialogHandling=false, nativeEvents=true, ie.ensureCleanSession=false, elementScrollBehavior=0.0, ie.browserCommandLineSwitches=, requireWindowFocus=false, initialBrowserUrl=http://localhost:33184/, ignoreProtectedModeSettings=false, enableElementCacheCleanup=true}, browserName=internet explorer, pageLoadStrategy=normal, javascriptEnabled=true, version=9, platform=WINDOWS, unexpectedAlertBehaviour=dismiss}]
Session ID: c9da9b56-9f3a-4a8e-befa-a9bf647bcdce
*** Element info: {Using=xpath, value=//table[@class='TABLEATTRIBUTES']/tbody/tr[2]/td[1]/a}
	at org.openqa.selenium.remote.ErrorHandler.createThrowable(ErrorHandler.java:215)
	at org.openqa.selenium.remote.ErrorHandler.throwIfResponseFailed(ErrorHandler.java:167)
	at org.openqa.selenium.remote.RemoteWebDriver.execute(RemoteWebDriver.java:671)
	at org.openqa.selenium.remote.RemoteWebDriver.findElement(RemoteWebDriver.java:410)
	at org.openqa.selenium.remote.RemoteWebDriver.findElementByXPath(RemoteWebDriver.java:509)
	at org.openqa.selenium.By$ByXPath.findElement(By.java:361)
	at org.openqa.selenium.remote.RemoteWebDriver.findElement(RemoteWebDriver.java:402)
	at Test_Finnone.DDEQC_finnone.DDEQC(DDEQC_finnone.java:169)
... Removed 29 stack frames]]>
    </failure>
  </testcase> <!-- DDEQC -->
  <testcase name="Underwriting" time="77.765" classname="Test_Finnone.Underwriting_finnone">
    <failure type="org.openqa.selenium.NoSuchElementException" message="Unable to find element with name == B12 (WARNING: The server did not provide any stacktrace information)
Command duration or timeout: 60.18 seconds
For documentation on this error, please visit: http://seleniumhq.org/exceptions/no_such_element.html
Build info: version: &amp;apos;3.4.0&amp;apos;, revision: &amp;apos;unknown&amp;apos;, time: &amp;apos;unknown&amp;apos;
System info: host: &amp;apos;HFLT0001452&amp;apos;, ip: &amp;apos;10.1.1.152&amp;apos;, os.name: &amp;apos;Windows 7&amp;apos;, os.arch: &amp;apos;amd64&amp;apos;, os.version: &amp;apos;6.1&amp;apos;, java.version: &amp;apos;1.8.0_131&amp;apos;
Driver info: org.openqa.selenium.ie.InternetExplorerDriver
Capabilities [{se:ieOptions={browserAttachTimeout=0.0, ie.enableFullPageScreenshot=true, enablePersistentHover=true, ie.forceCreateProcessApi=false, ie.forceShellWindowsApi=false, ignoreZoomSetting=false, ie.fileUploadDialogTimeout=3000.0, ie.useLegacyFileUploadDialogHandling=false, nativeEvents=true, ie.ensureCleanSession=false, elementScrollBehavior=0.0, ie.browserCommandLineSwitches=, requireWindowFocus=false, initialBrowserUrl=http://localhost:33184/, ignoreProtectedModeSettings=false, enableElementCacheCleanup=true}, browserName=internet explorer, pageLoadStrategy=normal, javascriptEnabled=true, version=9, platform=WINDOWS, unexpectedAlertBehaviour=dismiss}]
Session ID: c9da9b56-9f3a-4a8e-befa-a9bf647bcdce
*** Element info: {Using=name, value=B12}">
      <![CDATA[org.openqa.selenium.NoSuchElementException: Unable to find element with name == B12 (WARNING: The server did not provide any stacktrace information)
Command duration or timeout: 60.18 seconds
For documentation on this error, please visit: http://seleniumhq.org/exceptions/no_such_element.html
Build info: version: '3.4.0', revision: 'unknown', time: 'unknown'
System info: host: 'HFLT0001452', ip: '10.1.1.152', os.name: 'Windows 7', os.arch: 'amd64', os.version: '6.1', java.version: '1.8.0_131'
Driver info: org.openqa.selenium.ie.InternetExplorerDriver
Capabilities [{se:ieOptions={browserAttachTimeout=0.0, ie.enableFullPageScreenshot=true, enablePersistentHover=true, ie.forceCreateProcessApi=false, ie.forceShellWindowsApi=false, ignoreZoomSetting=false, ie.fileUploadDialogTimeout=3000.0, ie.useLegacyFileUploadDialogHandling=false, nativeEvents=true, ie.ensureCleanSession=false, elementScrollBehavior=0.0, ie.browserCommandLineSwitches=, requireWindowFocus=false, initialBrowserUrl=http://localhost:33184/, ignoreProtectedModeSettings=false, enableElementCacheCleanup=true}, browserName=internet explorer, pageLoadStrategy=normal, javascriptEnabled=true, version=9, platform=WINDOWS, unexpectedAlertBehaviour=dismiss}]
Session ID: c9da9b56-9f3a-4a8e-befa-a9bf647bcdce
*** Element info: {Using=name, value=B12}
	at org.openqa.selenium.remote.ErrorHandler.createThrowable(ErrorHandler.java:215)
	at org.openqa.selenium.remote.ErrorHandler.throwIfResponseFailed(ErrorHandler.java:167)
	at org.openqa.selenium.remote.RemoteWebDriver.execute(RemoteWebDriver.java:671)
	at org.openqa.selenium.remote.RemoteWebDriver.findElement(RemoteWebDriver.java:410)
	at org.openqa.selenium.remote.RemoteWebDriver.findElementByName(RemoteWebDriver.java:485)
	at org.openqa.selenium.By$ByName.findElement(By.java:303)
	at org.openqa.selenium.remote.RemoteWebDriver.findElement(RemoteWebDriver.java:402)
	at Test_Finnone.Underwriting_finnone.Underwriting(Underwriting_finnone.java:172)
... Removed 29 stack frames]]>
    </failure>
  </testcase> <!-- Underwriting -->
  <testcase name="PDOC" time="0.321" classname="Test_Finnone.PDOC_finnone">
    <failure type="java.lang.IndexOutOfBoundsException" message="Index: 1, Size: 1">
      <![CDATA[java.lang.IndexOutOfBoundsException: Index: 1, Size: 1
	at java.util.ArrayList.rangeCheck(ArrayList.java:653)
	at java.util.ArrayList.get(ArrayList.java:429)
	at Test_Finnone.PDOC_finnone.PDOC(PDOC_finnone.java:62)
... Removed 25 stack frames]]>
    </failure>
  </testcase> <!-- PDOC -->
  <testcase name="Disbursal_detail" time="0.305" classname="Test_Finnone.Disbursal_details">
    <failure type="java.lang.IndexOutOfBoundsException" message="Index: 1, Size: 1">
      <![CDATA[java.lang.IndexOutOfBoundsException: Index: 1, Size: 1
	at java.util.ArrayList.rangeCheck(ArrayList.java:653)
	at java.util.ArrayList.get(ArrayList.java:429)
	at Test_Finnone.Disbursal_details.Disbursal_detail(Disbursal_details.java:60)
... Removed 25 stack frames]]>
    </failure>
  </testcase> <!-- Disbursal_detail -->
  <testcase name="Disbursal" time="0.287" classname="Test_Finnone.Disbursal_Initiation">
    <failure type="java.lang.IndexOutOfBoundsException" message="Index: 1, Size: 1">
      <![CDATA[java.lang.IndexOutOfBoundsException: Index: 1, Size: 1
	at java.util.ArrayList.rangeCheck(ArrayList.java:653)
	at java.util.ArrayList.get(ArrayList.java:429)
	at Test_Finnone.Disbursal_Initiation.Disbursal(Disbursal_Initiation.java:64)
... Removed 25 stack frames]]>
    </failure>
  </testcase> <!-- Disbursal -->
  <testcase name="@BeforeSuite setupapplication" time="0.0" classname="utility.BrowserSetup">
    <ignored/>
  </testcase> <!-- @BeforeSuite setupapplication -->
  <testcase name="@BeforeSuite setupapplication" time="0.0" classname="utility.BrowserSetup">
    <ignored/>
  </testcase> <!-- @BeforeSuite setupapplication -->
  <testcase name="@BeforeSuite setupapplication" time="0.0" classname="utility.BrowserSetup">
    <ignored/>
  </testcase> <!-- @BeforeSuite setupapplication -->
  <testcase name="@BeforeSuite setupapplication" time="0.0" classname="utility.BrowserSetup">
    <ignored/>
  </testcase> <!-- @BeforeSuite setupapplication -->
  <testcase name="@BeforeSuite setupapplication" time="0.0" classname="utility.BrowserSetup">
    <ignored/>
  </testcase> <!-- @BeforeSuite setupapplication -->
  <testcase name="@BeforeSuite setupapplication" time="0.0" classname="utility.BrowserSetup">
    <ignored/>
  </testcase> <!-- @BeforeSuite setupapplication -->
  <testcase name="@BeforeSuite setupapplication" time="0.0" classname="utility.BrowserSetup">
    <ignored/>
  </testcase> <!-- @BeforeSuite setupapplication -->
  <testcase name="@AfterSuite Application_logout" time="0.0" classname="utility.BrowserSetup">
    <ignored/>
  </testcase> <!-- @AfterSuite Application_logout -->
  <testcase name="@AfterSuite Application_logout" time="0.0" classname="utility.BrowserSetup">
    <ignored/>
  </testcase> <!-- @AfterSuite Application_logout -->
  <testcase name="@AfterSuite Application_logout" time="0.0" classname="utility.BrowserSetup">
    <ignored/>
  </testcase> <!-- @AfterSuite Application_logout -->
  <testcase name="@AfterSuite Application_logout" time="0.0" classname="utility.BrowserSetup">
    <ignored/>
  </testcase> <!-- @AfterSuite Application_logout -->
  <testcase name="@AfterSuite Application_logout" time="0.0" classname="utility.BrowserSetup">
    <ignored/>
  </testcase> <!-- @AfterSuite Application_logout -->
  <testcase name="@AfterSuite Application_logout" time="0.0" classname="utility.BrowserSetup">
    <ignored/>
  </testcase> <!-- @AfterSuite Application_logout -->
  <testcase name="@AfterSuite Application_logout" time="0.0" classname="utility.BrowserSetup">
    <ignored/>
  </testcase> <!-- @AfterSuite Application_logout -->
</testsuite> <!-- Test -->
