<?xml version="1.0" encoding="UTF-8"?>
<testng-results skipped="0" failed="9" ignored="18" total="28" passed="1">
  <reporter-output>
  </reporter-output>
  <suite name="CAS Regression Suite" duration-ms="230097" started-at="2017-07-24T12:43:45Z" finished-at="2017-07-24T12:47:35Z">
    <groups>
    </groups>
    <test name="CAS Regression Test Cases" duration-ms="230097" started-at="2017-07-24T12:43:45Z" finished-at="2017-07-24T12:47:35Z">
      <class name="UAT_CAS_Other_than__LPL.DDEQC">
        <test-method status="FAIL" signature="DDEQC_CAS(java.lang.String, java.lang.String, java.lang.String, java.lang.String, java.lang.String, java.lang.String, java.lang.String, java.lang.String, java.lang.String, java.lang.String, java.lang.String, java.lang.String, java.lang.String, java.lang.String, java.lang.String, java.lang.String, java.lang.String, java.lang.String, java.lang.String, java.lang.String, java.lang.String, java.lang.String, java.lang.String)[pri:0, instance:UAT_CAS_Other_than__LPL.DDEQC@589838eb]" name="DDEQC_CAS" duration-ms="63" started-at="2017-07-24T18:17:34Z" data-provider="data-provider" finished-at="2017-07-24T18:17:35Z">
          <params>
            <param index="0">
              <value>
                <![CDATA[vinod_k]]>
              </value>
            </param>
            <param index="1">
              <value>
                <![CDATA[Hero@123]]>
              </value>
            </param>
            <param index="2">
              <value>
                <![CDATA[del]]>
              </value>
            </param>
            <param index="3">
              <value>
                <![CDATA[CustomerFname]]>
              </value>
            </param>
            <param index="4">
              <value>
                <![CDATA[CustomerLname]]>
              </value>
            </param>
            <param index="5">
              <value>
                <![CDATA[Customer Father Name]]>
              </value>
            </param>
            <param index="6">
              <value>
                <![CDATA[USED CAR]]>
              </value>
            </param>
            <param index="7">
              <value>
                <![CDATA[INCOME BASED PROGRAM - IB]]>
              </value>
            </param>
            <param index="8">
              <value>
                <![CDATA[UC-IB-USED CAR GENERAL]]>
              </value>
            </param>
            <param index="9">
              <value>
                <![CDATA[A1]]>
              </value>
            </param>
            <param index="10">
              <value>
                <![CDATA[ALTO]]>
              </value>
            </param>
            <param index="11">
              <value>
                <![CDATA[800 LXI]]>
              </value>
            </param>
            <param index="12">
              <value>
                <![CDATA[S R SOLUTION]]>
              </value>
            </param>
            <param index="13">
              <value>
                <![CDATA[DINESH KUMAR]]>
              </value>
            </param>
            <param index="14">
              <value>
                <![CDATA[MOHIT GABA]]>
              </value>
            </param>
            <param index="15">
              <value>
                <![CDATA[Staff]]>
              </value>
            </param>
            <param index="16">
              <value>
                <![CDATA[50000]]>
              </value>
            </param>
            <param index="17">
              <value>
                <![CDATA[12]]>
              </value>
            </param>
            <param index="18">
              <value>
                <![CDATA[09]]>
              </value>
            </param>
            <param index="19">
              <value>
                <![CDATA[2017]]>
              </value>
            </param>
            <param index="20">
              <value>
                <![CDATA[0]]>
              </value>
            </param>
            <param index="21">
              <value>
                <![CDATA[DEALER]]>
              </value>
            </param>
            <param index="22">
              <value>
                <![CDATA[NO]]>
              </value>
            </param>
          </params>
          <exception class="java.lang.IndexOutOfBoundsException">
            <message>
              <![CDATA[Index: 0, Size: 0]]>
            </message>
            <full-stacktrace>
              <![CDATA[java.lang.IndexOutOfBoundsException: Index: 0, Size: 0
	at java.util.ArrayList.rangeCheck(ArrayList.java:653)
	at java.util.ArrayList.get(ArrayList.java:429)
	at UAT_CAS_Other_than__LPL.DDEQC.DDEQC_CAS(DDEQC.java:54)
	at sun.reflect.NativeMethodAccessorImpl.invoke0(Native Method)
	at sun.reflect.NativeMethodAccessorImpl.invoke(NativeMethodAccessorImpl.java:62)
	at sun.reflect.DelegatingMethodAccessorImpl.invoke(DelegatingMethodAccessorImpl.java:43)
	at java.lang.reflect.Method.invoke(Method.java:498)
	at org.testng.internal.MethodInvocationHelper.invokeMethod(MethodInvocationHelper.java:108)
	at org.testng.internal.Invoker.invokeMethod(Invoker.java:661)
	at org.testng.internal.Invoker.invokeTestMethod(Invoker.java:869)
	at org.testng.internal.Invoker.invokeTestMethods(Invoker.java:1193)
	at org.testng.internal.TestMethodWorker.invokeTestMethods(TestMethodWorker.java:126)
	at org.testng.internal.TestMethodWorker.run(TestMethodWorker.java:109)
	at org.testng.TestRunner.privateRun(TestRunner.java:744)
	at org.testng.TestRunner.run(TestRunner.java:602)
	at org.testng.SuiteRunner.runTest(SuiteRunner.java:380)
	at org.testng.SuiteRunner.runSequentially(SuiteRunner.java:375)
	at org.testng.SuiteRunner.privateRun(SuiteRunner.java:340)
	at org.testng.SuiteRunner.run(SuiteRunner.java:289)
	at org.testng.SuiteRunnerWorker.runSuite(SuiteRunnerWorker.java:52)
	at org.testng.SuiteRunnerWorker.run(SuiteRunnerWorker.java:86)
	at org.testng.TestNG.runSuitesSequentially(TestNG.java:1301)
	at org.testng.TestNG.runSuitesLocally(TestNG.java:1226)
	at org.testng.TestNG.runSuites(TestNG.java:1144)
	at org.testng.TestNG.run(TestNG.java:1115)
	at org.testng.remote.AbstractRemoteTestNG.run(AbstractRemoteTestNG.java:132)
	at org.testng.remote.RemoteTestNG.initAndRun(RemoteTestNG.java:230)
	at org.testng.remote.RemoteTestNG.main(RemoteTestNG.java:76)
]]>
            </full-stacktrace>
          </exception> <!-- java.lang.IndexOutOfBoundsException -->
          <reporter-output>
          </reporter-output>
        </test-method> <!-- DDEQC_CAS -->
      </class> <!-- UAT_CAS_Other_than__LPL.DDEQC -->
      <class name="UAT_CAS_Other_than__LPL.Cibil_Referral">
        <test-method status="FAIL" signature="CibilDetails()[pri:0, instance:UAT_CAS_Other_than__LPL.Cibil_Referral@271053e1]" name="CibilDetails" duration-ms="61826" started-at="2017-07-24T18:16:33Z" finished-at="2017-07-24T18:17:34Z">
          <exception class="org.openqa.selenium.NoSuchElementException">
            <message>
              <![CDATA[Unable to find element with id == txtApplication (WARNING: The server did not provide any stacktrace information)
Command duration or timeout: 60.20 seconds
For documentation on this error, please visit: http://seleniumhq.org/exceptions/no_such_element.html
Build info: version: '3.4.0', revision: 'unknown', time: 'unknown'
System info: host: 'HFLT0001452', ip: '10.1.1.152', os.name: 'Windows 7', os.arch: 'amd64', os.version: '6.1', java.version: '1.8.0_131'
Driver info: org.openqa.selenium.ie.InternetExplorerDriver
Capabilities [{se:ieOptions={browserAttachTimeout=0.0, ie.enableFullPageScreenshot=true, enablePersistentHover=true, ie.forceCreateProcessApi=false, ie.forceShellWindowsApi=false, ignoreZoomSetting=false, ie.fileUploadDialogTimeout=3000.0, ie.useLegacyFileUploadDialogHandling=false, nativeEvents=true, ie.ensureCleanSession=false, elementScrollBehavior=0.0, ie.browserCommandLineSwitches=, requireWindowFocus=false, initialBrowserUrl=http://localhost:31219/, ignoreProtectedModeSettings=false, enableElementCacheCleanup=true}, browserName=internet explorer, pageLoadStrategy=normal, javascriptEnabled=true, version=9, platform=WINDOWS, unexpectedAlertBehaviour=dismiss}]
Session ID: 6bccbf50-d4c4-4e5e-bd85-bfe98cafa4c2
*** Element info: {Using=id, value=txtApplication}]]>
            </message>
            <full-stacktrace>
              <![CDATA[org.openqa.selenium.NoSuchElementException: Unable to find element with id == txtApplication (WARNING: The server did not provide any stacktrace information)
Command duration or timeout: 60.20 seconds
For documentation on this error, please visit: http://seleniumhq.org/exceptions/no_such_element.html
Build info: version: '3.4.0', revision: 'unknown', time: 'unknown'
System info: host: 'HFLT0001452', ip: '10.1.1.152', os.name: 'Windows 7', os.arch: 'amd64', os.version: '6.1', java.version: '1.8.0_131'
Driver info: org.openqa.selenium.ie.InternetExplorerDriver
Capabilities [{se:ieOptions={browserAttachTimeout=0.0, ie.enableFullPageScreenshot=true, enablePersistentHover=true, ie.forceCreateProcessApi=false, ie.forceShellWindowsApi=false, ignoreZoomSetting=false, ie.fileUploadDialogTimeout=3000.0, ie.useLegacyFileUploadDialogHandling=false, nativeEvents=true, ie.ensureCleanSession=false, elementScrollBehavior=0.0, ie.browserCommandLineSwitches=, requireWindowFocus=false, initialBrowserUrl=http://localhost:31219/, ignoreProtectedModeSettings=false, enableElementCacheCleanup=true}, browserName=internet explorer, pageLoadStrategy=normal, javascriptEnabled=true, version=9, platform=WINDOWS, unexpectedAlertBehaviour=dismiss}]
Session ID: 6bccbf50-d4c4-4e5e-bd85-bfe98cafa4c2
*** Element info: {Using=id, value=txtApplication}
	at sun.reflect.NativeConstructorAccessorImpl.newInstance0(Native Method)
	at sun.reflect.NativeConstructorAccessorImpl.newInstance(NativeConstructorAccessorImpl.java:62)
	at sun.reflect.DelegatingConstructorAccessorImpl.newInstance(DelegatingConstructorAccessorImpl.java:45)
	at java.lang.reflect.Constructor.newInstance(Constructor.java:423)
	at org.openqa.selenium.remote.ErrorHandler.createThrowable(ErrorHandler.java:215)
	at org.openqa.selenium.remote.ErrorHandler.throwIfResponseFailed(ErrorHandler.java:167)
	at org.openqa.selenium.remote.RemoteWebDriver.execute(RemoteWebDriver.java:671)
	at org.openqa.selenium.remote.RemoteWebDriver.findElement(RemoteWebDriver.java:410)
	at org.openqa.selenium.remote.RemoteWebDriver.findElementById(RemoteWebDriver.java:453)
	at org.openqa.selenium.By$ById.findElement(By.java:218)
	at org.openqa.selenium.remote.RemoteWebDriver.findElement(RemoteWebDriver.java:402)
	at UAT_CAS_Other_than__LPL.Cibil_Referral.CibilDetails(Cibil_Referral.java:93)
	at sun.reflect.NativeMethodAccessorImpl.invoke0(Native Method)
	at sun.reflect.NativeMethodAccessorImpl.invoke(NativeMethodAccessorImpl.java:62)
	at sun.reflect.DelegatingMethodAccessorImpl.invoke(DelegatingMethodAccessorImpl.java:43)
	at java.lang.reflect.Method.invoke(Method.java:498)
	at org.testng.internal.MethodInvocationHelper.invokeMethod(MethodInvocationHelper.java:108)
	at org.testng.internal.Invoker.invokeMethod(Invoker.java:661)
	at org.testng.internal.Invoker.invokeTestMethod(Invoker.java:869)
	at org.testng.internal.Invoker.invokeTestMethods(Invoker.java:1193)
	at org.testng.internal.TestMethodWorker.invokeTestMethods(TestMethodWorker.java:126)
	at org.testng.internal.TestMethodWorker.run(TestMethodWorker.java:109)
	at org.testng.TestRunner.privateRun(TestRunner.java:744)
	at org.testng.TestRunner.run(TestRunner.java:602)
	at org.testng.SuiteRunner.runTest(SuiteRunner.java:380)
	at org.testng.SuiteRunner.runSequentially(SuiteRunner.java:375)
	at org.testng.SuiteRunner.privateRun(SuiteRunner.java:340)
	at org.testng.SuiteRunner.run(SuiteRunner.java:289)
	at org.testng.SuiteRunnerWorker.runSuite(SuiteRunnerWorker.java:52)
	at org.testng.SuiteRunnerWorker.run(SuiteRunnerWorker.java:86)
	at org.testng.TestNG.runSuitesSequentially(TestNG.java:1301)
	at org.testng.TestNG.runSuitesLocally(TestNG.java:1226)
	at org.testng.TestNG.runSuites(TestNG.java:1144)
	at org.testng.TestNG.run(TestNG.java:1115)
	at org.testng.remote.AbstractRemoteTestNG.run(AbstractRemoteTestNG.java:132)
	at org.testng.remote.RemoteTestNG.initAndRun(RemoteTestNG.java:230)
	at org.testng.remote.RemoteTestNG.main(RemoteTestNG.java:76)
]]>
            </full-stacktrace>
          </exception> <!-- org.openqa.selenium.NoSuchElementException -->
          <reporter-output>
          </reporter-output>
        </test-method> <!-- CibilDetails -->
      </class> <!-- UAT_CAS_Other_than__LPL.Cibil_Referral -->
      <class name="UAT_CAS_Other_than__LPL.Disbursal_details">
        <test-method status="FAIL" signature="Disbursal_detail()[pri:0, instance:UAT_CAS_Other_than__LPL.Disbursal_details@2f686d1f]" name="Disbursal_detail" duration-ms="63" started-at="2017-07-24T18:17:35Z" finished-at="2017-07-24T18:17:35Z">
          <exception class="java.lang.IndexOutOfBoundsException">
            <message>
              <![CDATA[Index: 0, Size: 0]]>
            </message>
            <full-stacktrace>
              <![CDATA[java.lang.IndexOutOfBoundsException: Index: 0, Size: 0
	at java.util.ArrayList.rangeCheck(ArrayList.java:653)
	at java.util.ArrayList.get(ArrayList.java:429)
	at UAT_CAS_Other_than__LPL.Disbursal_details.Disbursal_detail(Disbursal_details.java:52)
	at sun.reflect.NativeMethodAccessorImpl.invoke0(Native Method)
	at sun.reflect.NativeMethodAccessorImpl.invoke(NativeMethodAccessorImpl.java:62)
	at sun.reflect.DelegatingMethodAccessorImpl.invoke(DelegatingMethodAccessorImpl.java:43)
	at java.lang.reflect.Method.invoke(Method.java:498)
	at org.testng.internal.MethodInvocationHelper.invokeMethod(MethodInvocationHelper.java:108)
	at org.testng.internal.Invoker.invokeMethod(Invoker.java:661)
	at org.testng.internal.Invoker.invokeTestMethod(Invoker.java:869)
	at org.testng.internal.Invoker.invokeTestMethods(Invoker.java:1193)
	at org.testng.internal.TestMethodWorker.invokeTestMethods(TestMethodWorker.java:126)
	at org.testng.internal.TestMethodWorker.run(TestMethodWorker.java:109)
	at org.testng.TestRunner.privateRun(TestRunner.java:744)
	at org.testng.TestRunner.run(TestRunner.java:602)
	at org.testng.SuiteRunner.runTest(SuiteRunner.java:380)
	at org.testng.SuiteRunner.runSequentially(SuiteRunner.java:375)
	at org.testng.SuiteRunner.privateRun(SuiteRunner.java:340)
	at org.testng.SuiteRunner.run(SuiteRunner.java:289)
	at org.testng.SuiteRunnerWorker.runSuite(SuiteRunnerWorker.java:52)
	at org.testng.SuiteRunnerWorker.run(SuiteRunnerWorker.java:86)
	at org.testng.TestNG.runSuitesSequentially(TestNG.java:1301)
	at org.testng.TestNG.runSuitesLocally(TestNG.java:1226)
	at org.testng.TestNG.runSuites(TestNG.java:1144)
	at org.testng.TestNG.run(TestNG.java:1115)
	at org.testng.remote.AbstractRemoteTestNG.run(AbstractRemoteTestNG.java:132)
	at org.testng.remote.RemoteTestNG.initAndRun(RemoteTestNG.java:230)
	at org.testng.remote.RemoteTestNG.main(RemoteTestNG.java:76)
]]>
            </full-stacktrace>
          </exception> <!-- java.lang.IndexOutOfBoundsException -->
          <reporter-output>
          </reporter-output>
        </test-method> <!-- Disbursal_detail -->
      </class> <!-- UAT_CAS_Other_than__LPL.Disbursal_details -->
      <class name="UAT_CAS_Other_than__LPL.FI_Verification_four_checklist">
        <test-method status="FAIL" signature="FI_Verification()[pri:0, instance:UAT_CAS_Other_than__LPL.FI_Verification_four_checklist@6500df86]" name="FI_Verification" duration-ms="96" started-at="2017-07-24T18:17:35Z" finished-at="2017-07-24T18:17:35Z">
          <exception class="java.lang.IndexOutOfBoundsException">
            <message>
              <![CDATA[Index: 0, Size: 0]]>
            </message>
            <full-stacktrace>
              <![CDATA[java.lang.IndexOutOfBoundsException: Index: 0, Size: 0
	at java.util.ArrayList.rangeCheck(ArrayList.java:653)
	at java.util.ArrayList.get(ArrayList.java:429)
	at UAT_CAS_Other_than__LPL.FI_Verification_four_checklist.FI_Verification(FI_Verification_four_checklist.java:54)
	at sun.reflect.NativeMethodAccessorImpl.invoke0(Native Method)
	at sun.reflect.NativeMethodAccessorImpl.invoke(NativeMethodAccessorImpl.java:62)
	at sun.reflect.DelegatingMethodAccessorImpl.invoke(DelegatingMethodAccessorImpl.java:43)
	at java.lang.reflect.Method.invoke(Method.java:498)
	at org.testng.internal.MethodInvocationHelper.invokeMethod(MethodInvocationHelper.java:108)
	at org.testng.internal.Invoker.invokeMethod(Invoker.java:661)
	at org.testng.internal.Invoker.invokeTestMethod(Invoker.java:869)
	at org.testng.internal.Invoker.invokeTestMethods(Invoker.java:1193)
	at org.testng.internal.TestMethodWorker.invokeTestMethods(TestMethodWorker.java:126)
	at org.testng.internal.TestMethodWorker.run(TestMethodWorker.java:109)
	at org.testng.TestRunner.privateRun(TestRunner.java:744)
	at org.testng.TestRunner.run(TestRunner.java:602)
	at org.testng.SuiteRunner.runTest(SuiteRunner.java:380)
	at org.testng.SuiteRunner.runSequentially(SuiteRunner.java:375)
	at org.testng.SuiteRunner.privateRun(SuiteRunner.java:340)
	at org.testng.SuiteRunner.run(SuiteRunner.java:289)
	at org.testng.SuiteRunnerWorker.runSuite(SuiteRunnerWorker.java:52)
	at org.testng.SuiteRunnerWorker.run(SuiteRunnerWorker.java:86)
	at org.testng.TestNG.runSuitesSequentially(TestNG.java:1301)
	at org.testng.TestNG.runSuitesLocally(TestNG.java:1226)
	at org.testng.TestNG.runSuites(TestNG.java:1144)
	at org.testng.TestNG.run(TestNG.java:1115)
	at org.testng.remote.AbstractRemoteTestNG.run(AbstractRemoteTestNG.java:132)
	at org.testng.remote.RemoteTestNG.initAndRun(RemoteTestNG.java:230)
	at org.testng.remote.RemoteTestNG.main(RemoteTestNG.java:76)
]]>
            </full-stacktrace>
          </exception> <!-- java.lang.IndexOutOfBoundsException -->
          <reporter-output>
          </reporter-output>
        </test-method> <!-- FI_Verification -->
      </class> <!-- UAT_CAS_Other_than__LPL.FI_Verification_four_checklist -->
      <class name="UAT_CAS_Other_than__LPL.FI_Completion">
        <test-method status="FAIL" signature="FI_Verification()[pri:0, instance:UAT_CAS_Other_than__LPL.FI_Completion@402a079c]" name="FI_Verification" duration-ms="71" started-at="2017-07-24T18:17:35Z" finished-at="2017-07-24T18:17:35Z">
          <exception class="java.lang.IndexOutOfBoundsException">
            <message>
              <![CDATA[Index: 0, Size: 0]]>
            </message>
            <full-stacktrace>
              <![CDATA[java.lang.IndexOutOfBoundsException: Index: 0, Size: 0
	at java.util.ArrayList.rangeCheck(ArrayList.java:653)
	at java.util.ArrayList.get(ArrayList.java:429)
	at UAT_CAS_Other_than__LPL.FI_Completion.FI_Verification(FI_Completion.java:52)
	at sun.reflect.NativeMethodAccessorImpl.invoke0(Native Method)
	at sun.reflect.NativeMethodAccessorImpl.invoke(NativeMethodAccessorImpl.java:62)
	at sun.reflect.DelegatingMethodAccessorImpl.invoke(DelegatingMethodAccessorImpl.java:43)
	at java.lang.reflect.Method.invoke(Method.java:498)
	at org.testng.internal.MethodInvocationHelper.invokeMethod(MethodInvocationHelper.java:108)
	at org.testng.internal.Invoker.invokeMethod(Invoker.java:661)
	at org.testng.internal.Invoker.invokeTestMethod(Invoker.java:869)
	at org.testng.internal.Invoker.invokeTestMethods(Invoker.java:1193)
	at org.testng.internal.TestMethodWorker.invokeTestMethods(TestMethodWorker.java:126)
	at org.testng.internal.TestMethodWorker.run(TestMethodWorker.java:109)
	at org.testng.TestRunner.privateRun(TestRunner.java:744)
	at org.testng.TestRunner.run(TestRunner.java:602)
	at org.testng.SuiteRunner.runTest(SuiteRunner.java:380)
	at org.testng.SuiteRunner.runSequentially(SuiteRunner.java:375)
	at org.testng.SuiteRunner.privateRun(SuiteRunner.java:340)
	at org.testng.SuiteRunner.run(SuiteRunner.java:289)
	at org.testng.SuiteRunnerWorker.runSuite(SuiteRunnerWorker.java:52)
	at org.testng.SuiteRunnerWorker.run(SuiteRunnerWorker.java:86)
	at org.testng.TestNG.runSuitesSequentially(TestNG.java:1301)
	at org.testng.TestNG.runSuitesLocally(TestNG.java:1226)
	at org.testng.TestNG.runSuites(TestNG.java:1144)
	at org.testng.TestNG.run(TestNG.java:1115)
	at org.testng.remote.AbstractRemoteTestNG.run(AbstractRemoteTestNG.java:132)
	at org.testng.remote.RemoteTestNG.initAndRun(RemoteTestNG.java:230)
	at org.testng.remote.RemoteTestNG.main(RemoteTestNG.java:76)
]]>
            </full-stacktrace>
          </exception> <!-- java.lang.IndexOutOfBoundsException -->
          <reporter-output>
          </reporter-output>
        </test-method> <!-- FI_Verification -->
      </class> <!-- UAT_CAS_Other_than__LPL.FI_Completion -->
      <class name="UAT_CAS_Other_than__LPL.Underwriting">
        <test-method status="FAIL" signature="Underwriting_CAS(java.lang.String, java.lang.String, java.lang.String, java.lang.String, java.lang.String, java.lang.String, java.lang.String, java.lang.String, java.lang.String, java.lang.String, java.lang.String, java.lang.String, java.lang.String, java.lang.String, java.lang.String, java.lang.String, java.lang.String, java.lang.String, java.lang.String, java.lang.String, java.lang.String, java.lang.String, java.lang.String)[pri:0, instance:UAT_CAS_Other_than__LPL.Underwriting@59ec2012]" name="Underwriting_CAS" duration-ms="79" started-at="2017-07-24T18:17:35Z" data-provider="data-provider" finished-at="2017-07-24T18:17:35Z">
          <params>
            <param index="0">
              <value>
                <![CDATA[vinod_k]]>
              </value>
            </param>
            <param index="1">
              <value>
                <![CDATA[Hero@123]]>
              </value>
            </param>
            <param index="2">
              <value>
                <![CDATA[del]]>
              </value>
            </param>
            <param index="3">
              <value>
                <![CDATA[CustomerFname]]>
              </value>
            </param>
            <param index="4">
              <value>
                <![CDATA[CustomerLname]]>
              </value>
            </param>
            <param index="5">
              <value>
                <![CDATA[Customer Father Name]]>
              </value>
            </param>
            <param index="6">
              <value>
                <![CDATA[USED CAR]]>
              </value>
            </param>
            <param index="7">
              <value>
                <![CDATA[INCOME BASED PROGRAM - IB]]>
              </value>
            </param>
            <param index="8">
              <value>
                <![CDATA[UC-IB-USED CAR GENERAL]]>
              </value>
            </param>
            <param index="9">
              <value>
                <![CDATA[A1]]>
              </value>
            </param>
            <param index="10">
              <value>
                <![CDATA[ALTO]]>
              </value>
            </param>
            <param index="11">
              <value>
                <![CDATA[800 LXI]]>
              </value>
            </param>
            <param index="12">
              <value>
                <![CDATA[S R SOLUTION]]>
              </value>
            </param>
            <param index="13">
              <value>
                <![CDATA[DINESH KUMAR]]>
              </value>
            </param>
            <param index="14">
              <value>
                <![CDATA[MOHIT GABA]]>
              </value>
            </param>
            <param index="15">
              <value>
                <![CDATA[Staff]]>
              </value>
            </param>
            <param index="16">
              <value>
                <![CDATA[50000]]>
              </value>
            </param>
            <param index="17">
              <value>
                <![CDATA[12]]>
              </value>
            </param>
            <param index="18">
              <value>
                <![CDATA[09]]>
              </value>
            </param>
            <param index="19">
              <value>
                <![CDATA[2017]]>
              </value>
            </param>
            <param index="20">
              <value>
                <![CDATA[0]]>
              </value>
            </param>
            <param index="21">
              <value>
                <![CDATA[DEALER]]>
              </value>
            </param>
            <param index="22">
              <value>
                <![CDATA[NO]]>
              </value>
            </param>
          </params>
          <exception class="java.lang.IndexOutOfBoundsException">
            <message>
              <![CDATA[Index: 0, Size: 0]]>
            </message>
            <full-stacktrace>
              <![CDATA[java.lang.IndexOutOfBoundsException: Index: 0, Size: 0
	at java.util.ArrayList.rangeCheck(ArrayList.java:653)
	at java.util.ArrayList.get(ArrayList.java:429)
	at UAT_CAS_Other_than__LPL.Underwriting.Underwriting_CAS(Underwriting.java:53)
	at sun.reflect.NativeMethodAccessorImpl.invoke0(Native Method)
	at sun.reflect.NativeMethodAccessorImpl.invoke(NativeMethodAccessorImpl.java:62)
	at sun.reflect.DelegatingMethodAccessorImpl.invoke(DelegatingMethodAccessorImpl.java:43)
	at java.lang.reflect.Method.invoke(Method.java:498)
	at org.testng.internal.MethodInvocationHelper.invokeMethod(MethodInvocationHelper.java:108)
	at org.testng.internal.Invoker.invokeMethod(Invoker.java:661)
	at org.testng.internal.Invoker.invokeTestMethod(Invoker.java:869)
	at org.testng.internal.Invoker.invokeTestMethods(Invoker.java:1193)
	at org.testng.internal.TestMethodWorker.invokeTestMethods(TestMethodWorker.java:126)
	at org.testng.internal.TestMethodWorker.run(TestMethodWorker.java:109)
	at org.testng.TestRunner.privateRun(TestRunner.java:744)
	at org.testng.TestRunner.run(TestRunner.java:602)
	at org.testng.SuiteRunner.runTest(SuiteRunner.java:380)
	at org.testng.SuiteRunner.runSequentially(SuiteRunner.java:375)
	at org.testng.SuiteRunner.privateRun(SuiteRunner.java:340)
	at org.testng.SuiteRunner.run(SuiteRunner.java:289)
	at org.testng.SuiteRunnerWorker.runSuite(SuiteRunnerWorker.java:52)
	at org.testng.SuiteRunnerWorker.run(SuiteRunnerWorker.java:86)
	at org.testng.TestNG.runSuitesSequentially(TestNG.java:1301)
	at org.testng.TestNG.runSuitesLocally(TestNG.java:1226)
	at org.testng.TestNG.runSuites(TestNG.java:1144)
	at org.testng.TestNG.run(TestNG.java:1115)
	at org.testng.remote.AbstractRemoteTestNG.run(AbstractRemoteTestNG.java:132)
	at org.testng.remote.RemoteTestNG.initAndRun(RemoteTestNG.java:230)
	at org.testng.remote.RemoteTestNG.main(RemoteTestNG.java:76)
]]>
            </full-stacktrace>
          </exception> <!-- java.lang.IndexOutOfBoundsException -->
          <reporter-output>
          </reporter-output>
        </test-method> <!-- Underwriting_CAS -->
      </class> <!-- UAT_CAS_Other_than__LPL.Underwriting -->
      <class name="UAT_CAS_Other_than__LPL.PDOC">
        <test-method status="FAIL" signature="PDOCDetails()[pri:0, instance:UAT_CAS_Other_than__LPL.PDOC@4cf777e8]" name="PDOCDetails" duration-ms="79" started-at="2017-07-24T18:17:35Z" finished-at="2017-07-24T18:17:35Z">
          <exception class="java.lang.IndexOutOfBoundsException">
            <message>
              <![CDATA[Index: 0, Size: 0]]>
            </message>
            <full-stacktrace>
              <![CDATA[java.lang.IndexOutOfBoundsException: Index: 0, Size: 0
	at java.util.ArrayList.rangeCheck(ArrayList.java:653)
	at java.util.ArrayList.get(ArrayList.java:429)
	at UAT_CAS_Other_than__LPL.PDOC.PDOCDetails(PDOC.java:54)
	at sun.reflect.NativeMethodAccessorImpl.invoke0(Native Method)
	at sun.reflect.NativeMethodAccessorImpl.invoke(NativeMethodAccessorImpl.java:62)
	at sun.reflect.DelegatingMethodAccessorImpl.invoke(DelegatingMethodAccessorImpl.java:43)
	at java.lang.reflect.Method.invoke(Method.java:498)
	at org.testng.internal.MethodInvocationHelper.invokeMethod(MethodInvocationHelper.java:108)
	at org.testng.internal.Invoker.invokeMethod(Invoker.java:661)
	at org.testng.internal.Invoker.invokeTestMethod(Invoker.java:869)
	at org.testng.internal.Invoker.invokeTestMethods(Invoker.java:1193)
	at org.testng.internal.TestMethodWorker.invokeTestMethods(TestMethodWorker.java:126)
	at org.testng.internal.TestMethodWorker.run(TestMethodWorker.java:109)
	at org.testng.TestRunner.privateRun(TestRunner.java:744)
	at org.testng.TestRunner.run(TestRunner.java:602)
	at org.testng.SuiteRunner.runTest(SuiteRunner.java:380)
	at org.testng.SuiteRunner.runSequentially(SuiteRunner.java:375)
	at org.testng.SuiteRunner.privateRun(SuiteRunner.java:340)
	at org.testng.SuiteRunner.run(SuiteRunner.java:289)
	at org.testng.SuiteRunnerWorker.runSuite(SuiteRunnerWorker.java:52)
	at org.testng.SuiteRunnerWorker.run(SuiteRunnerWorker.java:86)
	at org.testng.TestNG.runSuitesSequentially(TestNG.java:1301)
	at org.testng.TestNG.runSuitesLocally(TestNG.java:1226)
	at org.testng.TestNG.runSuites(TestNG.java:1144)
	at org.testng.TestNG.run(TestNG.java:1115)
	at org.testng.remote.AbstractRemoteTestNG.run(AbstractRemoteTestNG.java:132)
	at org.testng.remote.RemoteTestNG.initAndRun(RemoteTestNG.java:230)
	at org.testng.remote.RemoteTestNG.main(RemoteTestNG.java:76)
]]>
            </full-stacktrace>
          </exception> <!-- java.lang.IndexOutOfBoundsException -->
          <reporter-output>
          </reporter-output>
        </test-method> <!-- PDOCDetails -->
      </class> <!-- UAT_CAS_Other_than__LPL.PDOC -->
      <class name="UAT_CAS_Other_than__LPL.FI_Initiation_four_checklist">
        <test-method status="FAIL" signature="FIinitiation()[pri:0, instance:UAT_CAS_Other_than__LPL.FI_Initiation_four_checklist@42dafa95]" name="FIinitiation" duration-ms="73" started-at="2017-07-24T18:17:35Z" finished-at="2017-07-24T18:17:35Z">
          <exception class="java.lang.IndexOutOfBoundsException">
            <message>
              <![CDATA[Index: 0, Size: 0]]>
            </message>
            <full-stacktrace>
              <![CDATA[java.lang.IndexOutOfBoundsException: Index: 0, Size: 0
	at java.util.ArrayList.rangeCheck(ArrayList.java:653)
	at java.util.ArrayList.get(ArrayList.java:429)
	at UAT_CAS_Other_than__LPL.FI_Initiation_four_checklist.FIinitiation(FI_Initiation_four_checklist.java:52)
	at sun.reflect.NativeMethodAccessorImpl.invoke0(Native Method)
	at sun.reflect.NativeMethodAccessorImpl.invoke(NativeMethodAccessorImpl.java:62)
	at sun.reflect.DelegatingMethodAccessorImpl.invoke(DelegatingMethodAccessorImpl.java:43)
	at java.lang.reflect.Method.invoke(Method.java:498)
	at org.testng.internal.MethodInvocationHelper.invokeMethod(MethodInvocationHelper.java:108)
	at org.testng.internal.Invoker.invokeMethod(Invoker.java:661)
	at org.testng.internal.Invoker.invokeTestMethod(Invoker.java:869)
	at org.testng.internal.Invoker.invokeTestMethods(Invoker.java:1193)
	at org.testng.internal.TestMethodWorker.invokeTestMethods(TestMethodWorker.java:126)
	at org.testng.internal.TestMethodWorker.run(TestMethodWorker.java:109)
	at org.testng.TestRunner.privateRun(TestRunner.java:744)
	at org.testng.TestRunner.run(TestRunner.java:602)
	at org.testng.SuiteRunner.runTest(SuiteRunner.java:380)
	at org.testng.SuiteRunner.runSequentially(SuiteRunner.java:375)
	at org.testng.SuiteRunner.privateRun(SuiteRunner.java:340)
	at org.testng.SuiteRunner.run(SuiteRunner.java:289)
	at org.testng.SuiteRunnerWorker.runSuite(SuiteRunnerWorker.java:52)
	at org.testng.SuiteRunnerWorker.run(SuiteRunnerWorker.java:86)
	at org.testng.TestNG.runSuitesSequentially(TestNG.java:1301)
	at org.testng.TestNG.runSuitesLocally(TestNG.java:1226)
	at org.testng.TestNG.runSuites(TestNG.java:1144)
	at org.testng.TestNG.run(TestNG.java:1115)
	at org.testng.remote.AbstractRemoteTestNG.run(AbstractRemoteTestNG.java:132)
	at org.testng.remote.RemoteTestNG.initAndRun(RemoteTestNG.java:230)
	at org.testng.remote.RemoteTestNG.main(RemoteTestNG.java:76)
]]>
            </full-stacktrace>
          </exception> <!-- java.lang.IndexOutOfBoundsException -->
          <reporter-output>
          </reporter-output>
        </test-method> <!-- FIinitiation -->
      </class> <!-- UAT_CAS_Other_than__LPL.FI_Initiation_four_checklist -->
      <class name="UAT_CAS_Other_than__LPL.Disbursal_Initiation">
        <test-method status="FAIL" signature="Disbursal(java.lang.String, java.lang.String, java.lang.String, java.lang.String, java.lang.String, java.lang.String, java.lang.String, java.lang.String, java.lang.String, java.lang.String, java.lang.String, java.lang.String, java.lang.String, java.lang.String, java.lang.String, java.lang.String, java.lang.String, java.lang.String, java.lang.String, java.lang.String, java.lang.String, java.lang.String, java.lang.String)[pri:0, instance:UAT_CAS_Other_than__LPL.Disbursal_Initiation@3fee9989]" name="Disbursal" duration-ms="59" started-at="2017-07-24T18:17:35Z" data-provider="data-provider" finished-at="2017-07-24T18:17:35Z">
          <params>
            <param index="0">
              <value>
                <![CDATA[vinod_k]]>
              </value>
            </param>
            <param index="1">
              <value>
                <![CDATA[Hero@123]]>
              </value>
            </param>
            <param index="2">
              <value>
                <![CDATA[del]]>
              </value>
            </param>
            <param index="3">
              <value>
                <![CDATA[CustomerFname]]>
              </value>
            </param>
            <param index="4">
              <value>
                <![CDATA[CustomerLname]]>
              </value>
            </param>
            <param index="5">
              <value>
                <![CDATA[Customer Father Name]]>
              </value>
            </param>
            <param index="6">
              <value>
                <![CDATA[USED CAR]]>
              </value>
            </param>
            <param index="7">
              <value>
                <![CDATA[INCOME BASED PROGRAM - IB]]>
              </value>
            </param>
            <param index="8">
              <value>
                <![CDATA[UC-IB-USED CAR GENERAL]]>
              </value>
            </param>
            <param index="9">
              <value>
                <![CDATA[A1]]>
              </value>
            </param>
            <param index="10">
              <value>
                <![CDATA[ALTO]]>
              </value>
            </param>
            <param index="11">
              <value>
                <![CDATA[800 LXI]]>
              </value>
            </param>
            <param index="12">
              <value>
                <![CDATA[S R SOLUTION]]>
              </value>
            </param>
            <param index="13">
              <value>
                <![CDATA[DINESH KUMAR]]>
              </value>
            </param>
            <param index="14">
              <value>
                <![CDATA[MOHIT GABA]]>
              </value>
            </param>
            <param index="15">
              <value>
                <![CDATA[Staff]]>
              </value>
            </param>
            <param index="16">
              <value>
                <![CDATA[50000]]>
              </value>
            </param>
            <param index="17">
              <value>
                <![CDATA[12]]>
              </value>
            </param>
            <param index="18">
              <value>
                <![CDATA[09]]>
              </value>
            </param>
            <param index="19">
              <value>
                <![CDATA[2017]]>
              </value>
            </param>
            <param index="20">
              <value>
                <![CDATA[0]]>
              </value>
            </param>
            <param index="21">
              <value>
                <![CDATA[DEALER]]>
              </value>
            </param>
            <param index="22">
              <value>
                <![CDATA[NO]]>
              </value>
            </param>
          </params>
          <exception class="java.lang.IndexOutOfBoundsException">
            <message>
              <![CDATA[Index: 0, Size: 0]]>
            </message>
            <full-stacktrace>
              <![CDATA[java.lang.IndexOutOfBoundsException: Index: 0, Size: 0
	at java.util.ArrayList.rangeCheck(ArrayList.java:653)
	at java.util.ArrayList.get(ArrayList.java:429)
	at UAT_CAS_Other_than__LPL.Disbursal_Initiation.Disbursal(Disbursal_Initiation.java:56)
	at sun.reflect.NativeMethodAccessorImpl.invoke0(Native Method)
	at sun.reflect.NativeMethodAccessorImpl.invoke(NativeMethodAccessorImpl.java:62)
	at sun.reflect.DelegatingMethodAccessorImpl.invoke(DelegatingMethodAccessorImpl.java:43)
	at java.lang.reflect.Method.invoke(Method.java:498)
	at org.testng.internal.MethodInvocationHelper.invokeMethod(MethodInvocationHelper.java:108)
	at org.testng.internal.Invoker.invokeMethod(Invoker.java:661)
	at org.testng.internal.Invoker.invokeTestMethod(Invoker.java:869)
	at org.testng.internal.Invoker.invokeTestMethods(Invoker.java:1193)
	at org.testng.internal.TestMethodWorker.invokeTestMethods(TestMethodWorker.java:126)
	at org.testng.internal.TestMethodWorker.run(TestMethodWorker.java:109)
	at org.testng.TestRunner.privateRun(TestRunner.java:744)
	at org.testng.TestRunner.run(TestRunner.java:602)
	at org.testng.SuiteRunner.runTest(SuiteRunner.java:380)
	at org.testng.SuiteRunner.runSequentially(SuiteRunner.java:375)
	at org.testng.SuiteRunner.privateRun(SuiteRunner.java:340)
	at org.testng.SuiteRunner.run(SuiteRunner.java:289)
	at org.testng.SuiteRunnerWorker.runSuite(SuiteRunnerWorker.java:52)
	at org.testng.SuiteRunnerWorker.run(SuiteRunnerWorker.java:86)
	at org.testng.TestNG.runSuitesSequentially(TestNG.java:1301)
	at org.testng.TestNG.runSuitesLocally(TestNG.java:1226)
	at org.testng.TestNG.runSuites(TestNG.java:1144)
	at org.testng.TestNG.run(TestNG.java:1115)
	at org.testng.remote.AbstractRemoteTestNG.run(AbstractRemoteTestNG.java:132)
	at org.testng.remote.RemoteTestNG.initAndRun(RemoteTestNG.java:230)
	at org.testng.remote.RemoteTestNG.main(RemoteTestNG.java:76)
]]>
            </full-stacktrace>
          </exception> <!-- java.lang.IndexOutOfBoundsException -->
          <reporter-output>
          </reporter-output>
        </test-method> <!-- Disbursal -->
      </class> <!-- UAT_CAS_Other_than__LPL.Disbursal_Initiation -->
      <class name="UAT_CAS_Other_than__LPL.sourcing">
        <test-method status="PASS" signature="setupapplication()[pri:0, instance:UAT_CAS_Other_than__LPL.sourcing@4f7d0008]" name="setupapplication" is-config="true" duration-ms="5783" started-at="2017-07-24T18:13:39Z" finished-at="2017-07-24T18:13:45Z">
          <reporter-output>
          </reporter-output>
        </test-method> <!-- setupapplication -->
        <test-method status="PASS" signature="Sourcing_CAS(java.lang.String, java.lang.String, java.lang.String, java.lang.String, java.lang.String, java.lang.String, java.lang.String, java.lang.String, java.lang.String, java.lang.String, java.lang.String, java.lang.String, java.lang.String, java.lang.String, java.lang.String, java.lang.String, java.lang.String, java.lang.String, java.lang.String, java.lang.String, java.lang.String, java.lang.String, java.lang.String)[pri:0, instance:UAT_CAS_Other_than__LPL.sourcing@4f7d0008]" name="Sourcing_CAS" duration-ms="166570" started-at="2017-07-24T18:13:46Z" data-provider="data-provider" finished-at="2017-07-24T18:16:33Z">
          <params>
            <param index="0">
              <value>
                <![CDATA[vinod_k]]>
              </value>
            </param>
            <param index="1">
              <value>
                <![CDATA[Hero@123]]>
              </value>
            </param>
            <param index="2">
              <value>
                <![CDATA[del]]>
              </value>
            </param>
            <param index="3">
              <value>
                <![CDATA[CustomerFname]]>
              </value>
            </param>
            <param index="4">
              <value>
                <![CDATA[CustomerLname]]>
              </value>
            </param>
            <param index="5">
              <value>
                <![CDATA[Customer Father Name]]>
              </value>
            </param>
            <param index="6">
              <value>
                <![CDATA[USED CAR]]>
              </value>
            </param>
            <param index="7">
              <value>
                <![CDATA[INCOME BASED PROGRAM - IB]]>
              </value>
            </param>
            <param index="8">
              <value>
                <![CDATA[UC-IB-USED CAR GENERAL]]>
              </value>
            </param>
            <param index="9">
              <value>
                <![CDATA[A1]]>
              </value>
            </param>
            <param index="10">
              <value>
                <![CDATA[ALTO]]>
              </value>
            </param>
            <param index="11">
              <value>
                <![CDATA[800 LXI]]>
              </value>
            </param>
            <param index="12">
              <value>
                <![CDATA[S R SOLUTION]]>
              </value>
            </param>
            <param index="13">
              <value>
                <![CDATA[DINESH KUMAR]]>
              </value>
            </param>
            <param index="14">
              <value>
                <![CDATA[MOHIT GABA]]>
              </value>
            </param>
            <param index="15">
              <value>
                <![CDATA[Staff]]>
              </value>
            </param>
            <param index="16">
              <value>
                <![CDATA[50000]]>
              </value>
            </param>
            <param index="17">
              <value>
                <![CDATA[12]]>
              </value>
            </param>
            <param index="18">
              <value>
                <![CDATA[09]]>
              </value>
            </param>
            <param index="19">
              <value>
                <![CDATA[2017]]>
              </value>
            </param>
            <param index="20">
              <value>
                <![CDATA[0]]>
              </value>
            </param>
            <param index="21">
              <value>
                <![CDATA[DEALER]]>
              </value>
            </param>
            <param index="22">
              <value>
                <![CDATA[NO]]>
              </value>
            </param>
          </params>
          <reporter-output>
          </reporter-output>
        </test-method> <!-- Sourcing_CAS -->
        <test-method status="PASS" signature="Application_logout()[pri:0, instance:UAT_CAS_Other_than__LPL.sourcing@4f7d0008]" name="Application_logout" is-config="true" duration-ms="15" started-at="2017-07-24T18:17:35Z" finished-at="2017-07-24T18:17:35Z">
          <reporter-output>
          </reporter-output>
        </test-method> <!-- Application_logout -->
      </class> <!-- UAT_CAS_Other_than__LPL.sourcing -->
    </test> <!-- CAS Regression Test Cases -->
  </suite> <!-- CAS Regression Suite -->
</testng-results>
